<html>
<head>
<title>TestNG:  Test</title>
<link href="../testng.css" rel="stylesheet" type="text/css" />
<link href="../my-testng.css" rel="stylesheet" type="text/css" />

<style type="text/css">
.log { display: none;} 
.stack-trace { display: none;} 
</style>
<script type="text/javascript">
<!--
function flip(e) {
  current = e.style.display;
  if (current == 'block') {
    e.style.display = 'none';
    return 0;
  }
  else {
    e.style.display = 'block';
    return 1;
  }
}

function toggleBox(szDivId, elem, msg1, msg2)
{
  var res = -1;  if (document.getElementById) {
    res = flip(document.getElementById(szDivId));
  }
  else if (document.all) {
    // this is the way old msie versions work
    res = flip(document.all[szDivId]);
  }
  if(elem) {
    if(res == 0) elem.innerHTML = msg1; else elem.innerHTML = msg2;
  }

}

function toggleAllBoxes() {
  if (document.getElementsByTagName) {
    d = document.getElementsByTagName('div');
    for (i = 0; i < d.length; i++) {
      if (d[i].className == 'log') {
        flip(d[i]);
      }
    }
  }
}

// -->
</script>

</head>
<body>
<h2 align='center'>Test</h2><table border='1' align="center">
<tr>
<td>Tests passed/Failed/Skipped:</td><td>24/2/0</td>
</tr><tr>
<td>Started on:</td><td>Mon Aug 22 17:33:21 IST 2022</td>
</tr>
<tr><td>Total time:</td><td>384 seconds (384952 ms)</td>
</tr><tr>
<td>Included groups:</td><td></td>
</tr><tr>
<td>Excluded groups:</td><td></td>
</tr>
</table><p/>
<small><i>(Hover the method name to see the test class name)</i></small><p/>
<table width='100%' border='1' class='invocation-failed'>
<tr><td colspan='4' align='center'><b>FAILED TESTS</b></td></tr>
<tr><td><b>Test method</b></td>
<td width="30%"><b>Exception</b></td>
<td width="10%"><b>Time (seconds)</b></td>
<td><b>Instance</b></td>
</tr>
<tr>
<td title='TestRunner.testRunnerClass.runScenario()'><b>runScenario</b><br>Test class: TestRunner.testRunnerClass<br>Test method: Runs Cucumber Scenarios<br>Parameters: "Check if User is able to view the total cost and discount in Cart page", "Optional[Add To Cart functionality]"</td>
<td><div><pre>org.openqa.selenium.NoSuchElementException: no such element: Unable to locate element: {&quot;method&quot;:&quot;xpath&quot;,&quot;selector&quot;:&quot;/html/body/div[1]/div[1]/div[1]/div[1]/div[4]/div[2]/div/div[2]/div[2]/div/div[2]/div[3]/div[2]/div/div[1]/div[2]&quot;}
  (Session info: chrome=104.0.5112.82)
For documentation on this error, please visit: https://www.seleniumhq.org/exceptions/no_such_element.html
Build info: version: &apos;3.141.59&apos;, revision: &apos;e82be7d358&apos;, time: &apos;2018-11-14T08:17:03&apos;
System info: host: &apos;LIN51013508&apos;, ip: &apos;192.168.29.56&apos;, os.name: &apos;Windows 10&apos;, os.arch: &apos;amd64&apos;, os.version: &apos;10.0&apos;, java.version: &apos;16.0.1&apos;
Driver info: org.openqa.selenium.chrome.ChromeDriver
Capabilities {acceptInsecureCerts: false, browserName: chrome, browserVersion: 104.0.5112.82, chrome: {chromedriverVersion: 104.0.5112.79 (3cf3e8c8a07d..., userDataDir: C:\Users\aavadhoo\AppData\L...}, goog:chromeOptions: {debuggerAddress: localhost:64804}, javascriptEnabled: true, networkConnectionEnabled: false, pageLoadStrategy: normal, platform: WINDOWS, platformName: WINDOWS, proxy: Proxy(), setWindowRect: true, strictFileInteractability: false, timeouts: {implicit: 0, pageLoad: 300000, script: 30000}, unhandledPromptBehavior: dismiss and notify, webauthn:extension:credBlob: true, webauthn:extension:largeBlob: true, webauthn:virtualAuthenticators: true}
Session ID: 80c4795c8b7f889adc8002bed4b3e80b
*** Element info: {Using=xpath, value=/html/body/div[1]/div[1]/div[1]/div[1]/div[4]/div[2]/div/div[2]/div[2]/div/div[2]/div[3]/div[2]/div/div[1]/div[2]}
	at org.openqa.selenium.remote.http.W3CHttpResponseCodec.createException(W3CHttpResponseCodec.java:187)
	at org.openqa.selenium.remote.http.W3CHttpResponseCodec.decode(W3CHttpResponseCodec.java:122)
	at org.openqa.selenium.remote.http.W3CHttpResponseCodec.decode(W3CHttpResponseCodec.java:49)
	at org.openqa.selenium.remote.HttpCommandExecutor.execute(HttpCommandExecutor.java:158)
	at org.openqa.selenium.remote.service.DriverCommandExecutor.execute(DriverCommandExecutor.java:83)
	at org.openqa.selenium.remote.RemoteWebDriver.execute(RemoteWebDriver.java:552)
	at org.openqa.selenium.remote.RemoteWebDriver.findElement(RemoteWebDriver.java:323)
	at org.openqa.selenium.remote.RemoteWebDriver.findElementByXPath(RemoteWebDriver.java:428)
	at org.openqa.selenium.By$ByXPath.findElement(By.java:353)
	at org.openqa.selenium.remote.RemoteWebDriver.findElement(RemoteWebDriver.java:315)
	at org.openqa.selenium.support.pagefactory.DefaultElementLocator.findElement(DefaultElementLocator.java:69)
	at org.openqa.selenium.support.pagefactory.internal.LocatingElementHandler.invoke(LocatingElementHandler.java:38)
	at jdk.proxy2/jdk.proxy2.$Proxy22.click(Unknown Source)
	at PageFactoryy.swiggyAddToCartPageFactory.increaseQuantity(swiggyAddToCartPageFactory.java:144)
	at StepDefinition.swiggyAddToCartDefinition.user_is_able_to_increase_or_decrease_the_quantity_of_food_item(swiggyAddToCartDefinition.java:63)
	at ?.User is able to increase or decrease the quantity of food item(file:///C:/Users/aavadhoo/OneDrive%20-%20Capgemini/Desktop/JUnit/com.swiggyyy/src/test/java/FeatureFile/addToCart.feature:34)
... Removed 5 stack frames</pre></div><a href='#' onClick='toggleBox("stack-trace875413568", this, "Click to show all stack frames", "Click to hide stack frames")'>Click to show all stack frames</a>
<div class='stack-trace' id='stack-trace875413568'><pre>org.openqa.selenium.NoSuchElementException: no such element: Unable to locate element: {&quot;method&quot;:&quot;xpath&quot;,&quot;selector&quot;:&quot;/html/body/div[1]/div[1]/div[1]/div[1]/div[4]/div[2]/div/div[2]/div[2]/div/div[2]/div[3]/div[2]/div/div[1]/div[2]&quot;}
  (Session info: chrome=104.0.5112.82)
For documentation on this error, please visit: https://www.seleniumhq.org/exceptions/no_such_element.html
Build info: version: &apos;3.141.59&apos;, revision: &apos;e82be7d358&apos;, time: &apos;2018-11-14T08:17:03&apos;
System info: host: &apos;LIN51013508&apos;, ip: &apos;192.168.29.56&apos;, os.name: &apos;Windows 10&apos;, os.arch: &apos;amd64&apos;, os.version: &apos;10.0&apos;, java.version: &apos;16.0.1&apos;
Driver info: org.openqa.selenium.chrome.ChromeDriver
Capabilities {acceptInsecureCerts: false, browserName: chrome, browserVersion: 104.0.5112.82, chrome: {chromedriverVersion: 104.0.5112.79 (3cf3e8c8a07d..., userDataDir: C:\Users\aavadhoo\AppData\L...}, goog:chromeOptions: {debuggerAddress: localhost:64804}, javascriptEnabled: true, networkConnectionEnabled: false, pageLoadStrategy: normal, platform: WINDOWS, platformName: WINDOWS, proxy: Proxy(), setWindowRect: true, strictFileInteractability: false, timeouts: {implicit: 0, pageLoad: 300000, script: 30000}, unhandledPromptBehavior: dismiss and notify, webauthn:extension:credBlob: true, webauthn:extension:largeBlob: true, webauthn:virtualAuthenticators: true}
Session ID: 80c4795c8b7f889adc8002bed4b3e80b
*** Element info: {Using=xpath, value=/html/body/div[1]/div[1]/div[1]/div[1]/div[4]/div[2]/div/div[2]/div[2]/div/div[2]/div[3]/div[2]/div/div[1]/div[2]}
	at java.base/jdk.internal.reflect.NativeConstructorAccessorImpl.newInstance0(Native Method)
	at java.base/jdk.internal.reflect.NativeConstructorAccessorImpl.newInstance(NativeConstructorAccessorImpl.java:78)
	at java.base/jdk.internal.reflect.DelegatingConstructorAccessorImpl.newInstance(DelegatingConstructorAccessorImpl.java:45)
	at java.base/java.lang.reflect.Constructor.newInstanceWithCaller(Constructor.java:499)
	at java.base/java.lang.reflect.Constructor.newInstance(Constructor.java:480)
	at org.openqa.selenium.remote.http.W3CHttpResponseCodec.createException(W3CHttpResponseCodec.java:187)
	at org.openqa.selenium.remote.http.W3CHttpResponseCodec.decode(W3CHttpResponseCodec.java:122)
	at org.openqa.selenium.remote.http.W3CHttpResponseCodec.decode(W3CHttpResponseCodec.java:49)
	at org.openqa.selenium.remote.HttpCommandExecutor.execute(HttpCommandExecutor.java:158)
	at org.openqa.selenium.remote.service.DriverCommandExecutor.execute(DriverCommandExecutor.java:83)
	at org.openqa.selenium.remote.RemoteWebDriver.execute(RemoteWebDriver.java:552)
	at org.openqa.selenium.remote.RemoteWebDriver.findElement(RemoteWebDriver.java:323)
	at org.openqa.selenium.remote.RemoteWebDriver.findElementByXPath(RemoteWebDriver.java:428)
	at org.openqa.selenium.By$ByXPath.findElement(By.java:353)
	at org.openqa.selenium.remote.RemoteWebDriver.findElement(RemoteWebDriver.java:315)
	at org.openqa.selenium.support.pagefactory.DefaultElementLocator.findElement(DefaultElementLocator.java:69)
	at org.openqa.selenium.support.pagefactory.internal.LocatingElementHandler.invoke(LocatingElementHandler.java:38)
	at jdk.proxy2/jdk.proxy2.$Proxy22.click(Unknown Source)
	at PageFactoryy.swiggyAddToCartPageFactory.increaseQuantity(swiggyAddToCartPageFactory.java:144)
	at StepDefinition.swiggyAddToCartDefinition.user_is_able_to_increase_or_decrease_the_quantity_of_food_item(swiggyAddToCartDefinition.java:63)
	at ?.User is able to increase or decrease the quantity of food item(file:///C:/Users/aavadhoo/OneDrive%20-%20Capgemini/Desktop/JUnit/com.swiggyyy/src/test/java/FeatureFile/addToCart.feature:34)
</pre></div></td>
<td>44</td>
<td>TestRunner.testRunnerClass@e7edb54</td></tr>
<tr>
<td title='TestRunner.testRunnerClass.runScenario()'><b>runScenario</b><br>Test class: TestRunner.testRunnerClass<br>Test method: Runs Cucumber Scenarios<br>Parameters: "Check if User is able to add multiple food items from same restaurant", "Optional[Add To Cart functionality]"</td>
<td><div><pre>org.openqa.selenium.StaleElementReferenceException: stale element reference: element is not attached to the page document
  (Session info: chrome=104.0.5112.82)
For documentation on this error, please visit: https://www.seleniumhq.org/exceptions/stale_element_reference.html
Build info: version: &apos;3.141.59&apos;, revision: &apos;e82be7d358&apos;, time: &apos;2018-11-14T08:17:03&apos;
System info: host: &apos;LIN51013508&apos;, ip: &apos;192.168.29.56&apos;, os.name: &apos;Windows 10&apos;, os.arch: &apos;amd64&apos;, os.version: &apos;10.0&apos;, java.version: &apos;16.0.1&apos;
Driver info: org.openqa.selenium.chrome.ChromeDriver
Capabilities {acceptInsecureCerts: false, browserName: chrome, browserVersion: 104.0.5112.82, chrome: {chromedriverVersion: 104.0.5112.79 (3cf3e8c8a07d..., userDataDir: C:\Users\aavadhoo\AppData\L...}, goog:chromeOptions: {debuggerAddress: localhost:64750}, javascriptEnabled: true, networkConnectionEnabled: false, pageLoadStrategy: normal, platform: WINDOWS, platformName: WINDOWS, proxy: Proxy(), setWindowRect: true, strictFileInteractability: false, timeouts: {implicit: 0, pageLoad: 300000, script: 30000}, unhandledPromptBehavior: dismiss and notify, webauthn:extension:credBlob: true, webauthn:extension:largeBlob: true, webauthn:virtualAuthenticators: true}
Session ID: 4e5bc1e71f80729c7f52d3552f92d149
	at org.openqa.selenium.remote.http.W3CHttpResponseCodec.createException(W3CHttpResponseCodec.java:187)
	at org.openqa.selenium.remote.http.W3CHttpResponseCodec.decode(W3CHttpResponseCodec.java:122)
	at org.openqa.selenium.remote.http.W3CHttpResponseCodec.decode(W3CHttpResponseCodec.java:49)
	at org.openqa.selenium.remote.HttpCommandExecutor.execute(HttpCommandExecutor.java:158)
	at org.openqa.selenium.remote.service.DriverCommandExecutor.execute(DriverCommandExecutor.java:83)
	at org.openqa.selenium.remote.RemoteWebDriver.execute(RemoteWebDriver.java:552)
	at org.openqa.selenium.remote.RemoteWebElement.execute(RemoteWebElement.java:285)
	at org.openqa.selenium.remote.RemoteWebElement.click(RemoteWebElement.java:84)
	at org.openqa.selenium.support.pagefactory.internal.LocatingElementHandler.invoke(LocatingElementHandler.java:51)
	at jdk.proxy2/jdk.proxy2.$Proxy22.click(Unknown Source)
	at PageFactoryy.swiggyAddToCartPageFactory.increaseQuantity(swiggyAddToCartPageFactory.java:144)
	at StepDefinition.swiggyAddToCartDefinition.user_is_able_to_increase_or_decrease_the_quantity_of_food_item(swiggyAddToCartDefinition.java:63)
	at ?.User is able to increase or decrease the quantity of food item(file:///C:/Users/aavadhoo/OneDrive%20-%20Capgemini/Desktop/JUnit/com.swiggyyy/src/test/java/FeatureFile/addToCart.feature:25)
... Removed 8 stack frames</pre></div><a href='#' onClick='toggleBox("stack-trace1124140751", this, "Click to show all stack frames", "Click to hide stack frames")'>Click to show all stack frames</a>
<div class='stack-trace' id='stack-trace1124140751'><pre>org.openqa.selenium.StaleElementReferenceException: stale element reference: element is not attached to the page document
  (Session info: chrome=104.0.5112.82)
For documentation on this error, please visit: https://www.seleniumhq.org/exceptions/stale_element_reference.html
Build info: version: &apos;3.141.59&apos;, revision: &apos;e82be7d358&apos;, time: &apos;2018-11-14T08:17:03&apos;
System info: host: &apos;LIN51013508&apos;, ip: &apos;192.168.29.56&apos;, os.name: &apos;Windows 10&apos;, os.arch: &apos;amd64&apos;, os.version: &apos;10.0&apos;, java.version: &apos;16.0.1&apos;
Driver info: org.openqa.selenium.chrome.ChromeDriver
Capabilities {acceptInsecureCerts: false, browserName: chrome, browserVersion: 104.0.5112.82, chrome: {chromedriverVersion: 104.0.5112.79 (3cf3e8c8a07d..., userDataDir: C:\Users\aavadhoo\AppData\L...}, goog:chromeOptions: {debuggerAddress: localhost:64750}, javascriptEnabled: true, networkConnectionEnabled: false, pageLoadStrategy: normal, platform: WINDOWS, platformName: WINDOWS, proxy: Proxy(), setWindowRect: true, strictFileInteractability: false, timeouts: {implicit: 0, pageLoad: 300000, script: 30000}, unhandledPromptBehavior: dismiss and notify, webauthn:extension:credBlob: true, webauthn:extension:largeBlob: true, webauthn:virtualAuthenticators: true}
Session ID: 4e5bc1e71f80729c7f52d3552f92d149
	at java.base/jdk.internal.reflect.NativeConstructorAccessorImpl.newInstance0(Native Method)
	at java.base/jdk.internal.reflect.NativeConstructorAccessorImpl.newInstance(NativeConstructorAccessorImpl.java:78)
	at java.base/jdk.internal.reflect.DelegatingConstructorAccessorImpl.newInstance(DelegatingConstructorAccessorImpl.java:45)
	at java.base/java.lang.reflect.Constructor.newInstanceWithCaller(Constructor.java:499)
	at java.base/java.lang.reflect.Constructor.newInstance(Constructor.java:480)
	at org.openqa.selenium.remote.http.W3CHttpResponseCodec.createException(W3CHttpResponseCodec.java:187)
	at org.openqa.selenium.remote.http.W3CHttpResponseCodec.decode(W3CHttpResponseCodec.java:122)
	at org.openqa.selenium.remote.http.W3CHttpResponseCodec.decode(W3CHttpResponseCodec.java:49)
	at org.openqa.selenium.remote.HttpCommandExecutor.execute(HttpCommandExecutor.java:158)
	at org.openqa.selenium.remote.service.DriverCommandExecutor.execute(DriverCommandExecutor.java:83)
	at org.openqa.selenium.remote.RemoteWebDriver.execute(RemoteWebDriver.java:552)
	at org.openqa.selenium.remote.RemoteWebElement.execute(RemoteWebElement.java:285)
	at org.openqa.selenium.remote.RemoteWebElement.click(RemoteWebElement.java:84)
	at jdk.internal.reflect.GeneratedMethodAccessor130.invoke(Unknown Source)
	at java.base/jdk.internal.reflect.DelegatingMethodAccessorImpl.invoke(DelegatingMethodAccessorImpl.java:43)
	at java.base/java.lang.reflect.Method.invoke(Method.java:567)
	at org.openqa.selenium.support.pagefactory.internal.LocatingElementHandler.invoke(LocatingElementHandler.java:51)
	at jdk.proxy2/jdk.proxy2.$Proxy22.click(Unknown Source)
	at PageFactoryy.swiggyAddToCartPageFactory.increaseQuantity(swiggyAddToCartPageFactory.java:144)
	at StepDefinition.swiggyAddToCartDefinition.user_is_able_to_increase_or_decrease_the_quantity_of_food_item(swiggyAddToCartDefinition.java:63)
	at ?.User is able to increase or decrease the quantity of food item(file:///C:/Users/aavadhoo/OneDrive%20-%20Capgemini/Desktop/JUnit/com.swiggyyy/src/test/java/FeatureFile/addToCart.feature:25)
</pre></div></td>
<td>14</td>
<td>TestRunner.testRunnerClass@e7edb54</td></tr>
</table><p>
<table width='100%' border='1' class='invocation-passed'>
<tr><td colspan='4' align='center'><b>PASSED TESTS</b></td></tr>
<tr><td><b>Test method</b></td>
<td width="30%"><b>Exception</b></td>
<td width="10%"><b>Time (seconds)</b></td>
<td><b>Instance</b></td>
</tr>
<tr>
<td title='TestRunner.testRunnerClass.runScenario()'><b>runScenario</b><br>Test class: TestRunner.testRunnerClass<br>Test method: Runs Cucumber Scenarios<br>Parameters: "Check if User is able to sort the search results by different methods", "Optional[Search functionality]"</td>
<td></td>
<td>16</td>
<td>TestRunner.testRunnerClass@e7edb54</td></tr>
<tr>
<td title='TestRunner.testRunnerClass.runScenario()'><b>runScenario</b><br>Test class: TestRunner.testRunnerClass<br>Test method: Runs Cucumber Scenarios<br>Parameters: "Check if the Delivery Location field is giving suggestions for valid city names", "Optional[Location Functionality]"</td>
<td></td>
<td>4</td>
<td>TestRunner.testRunnerClass@e7edb54</td></tr>
<tr>
<td title='TestRunner.testRunnerClass.runScenario()'><b>runScenario</b><br>Test class: TestRunner.testRunnerClass<br>Test method: Runs Cucumber Scenarios<br>Parameters: "Check if User is able to get suggestion for Invalid restaurant and food item name", "Optional[Search functionality]"</td>
<td></td>
<td>7</td>
<td>TestRunner.testRunnerClass@e7edb54</td></tr>
<tr>
<td title='TestRunner.testRunnerClass.runScenario()'><b>runScenario</b><br>Test class: TestRunner.testRunnerClass<br>Test method: Runs Cucumber Scenarios<br>Parameters: "Check if User is able to copy the Coupon code", "Optional[Swiggy Offers functionality]"</td>
<td></td>
<td>16</td>
<td>TestRunner.testRunnerClass@e7edb54</td></tr>
<tr>
<td title='TestRunner.testRunnerClass.runScenario()'><b>runScenario</b><br>Test class: TestRunner.testRunnerClass<br>Test method: Runs Cucumber Scenarios<br>Parameters: "Check if User is able to click on More in Coupons and get the terms and conditions of the Coupon code", "Optional[Swiggy Offers functionality]"</td>
<td></td>
<td>17</td>
<td>TestRunner.testRunnerClass@e7edb54</td></tr>
<tr>
<td title='TestRunner.testRunnerClass.runScenario()'><b>runScenario</b><br>Test class: TestRunner.testRunnerClass<br>Test method: Runs Cucumber Scenarios<br>Parameters: "Check if User is able to read data from Excel", "Optional[Search dishes from Restaurant and Add to Cart]"</td>
<td></td>
<td>33</td>
<td>TestRunner.testRunnerClass@e7edb54</td></tr>
<tr>
<td title='TestRunner.testRunnerClass.runScenario()'><b>runScenario</b><br>Test class: TestRunner.testRunnerClass<br>Test method: Runs Cucumber Scenarios<br>Parameters: "Check if User is able to get Payment Offers/Coupons", "Optional[Swiggy Offers functionality]"</td>
<td></td>
<td>12</td>
<td>TestRunner.testRunnerClass@e7edb54</td></tr>
<tr>
<td title='TestRunner.testRunnerClass.runScenario()'><b>runScenario</b><br>Test class: TestRunner.testRunnerClass<br>Test method: Runs Cucumber Scenarios<br>Parameters: "Check if User is able to access Help Page to clarify basic doubts", "Optional[Swiggy Help functionality]"</td>
<td></td>
<td>23</td>
<td>TestRunner.testRunnerClass@e7edb54</td></tr>
<tr>
<td title='TestRunner.testRunnerClass.runScenario()'><b>runScenario</b><br>Test class: TestRunner.testRunnerClass<br>Test method: Runs Cucumber Scenarios<br>Parameters: "Check if User is able to click on Popular Cuisines and get suggestions", "Optional[Search functionality]"</td>
<td></td>
<td>16</td>
<td>TestRunner.testRunnerClass@e7edb54</td></tr>
<tr>
<td title='TestRunner.testRunnerClass.runScenario()'><b>runScenario</b><br>Test class: TestRunner.testRunnerClass<br>Test method: Runs Cucumber Scenarios<br>Parameters: "Check if User is able to change the location on Home Page", "Optional[Location Functionality]"</td>
<td></td>
<td>9</td>
<td>TestRunner.testRunnerClass@e7edb54</td></tr>
<tr>
<td title='TestRunner.testRunnerClass.runScenario()'><b>runScenario</b><br>Test class: TestRunner.testRunnerClass<br>Test method: Runs Cucumber Scenarios<br>Parameters: "Validate the url of Swiggy Page", "Optional[Location Functionality]"</td>
<td></td>
<td>5</td>
<td>TestRunner.testRunnerClass@e7edb54</td></tr>
<tr>
<td title='TestRunner.testRunnerClass.runScenario()'><b>runScenario</b><br>Test class: TestRunner.testRunnerClass<br>Test method: Runs Cucumber Scenarios<br>Parameters: "Check if User is able to view the list of all Recommended food items", "Optional[Add To Cart functionality]"</td>
<td></td>
<td>13</td>
<td>TestRunner.testRunnerClass@e7edb54</td></tr>
<tr>
<td title='TestRunner.testRunnerClass.runScenario()'><b>runScenario</b><br>Test class: TestRunner.testRunnerClass<br>Test method: Runs Cucumber Scenarios<br>Parameters: "Check if the Delivery Location field is giving suggestions for Invalid city names", "Optional[Location Functionality]"</td>
<td></td>
<td>6</td>
<td>TestRunner.testRunnerClass@e7edb54</td></tr>
<tr>
<td title='TestRunner.testRunnerClass.runScenario()'><b>runScenario</b><br>Test class: TestRunner.testRunnerClass<br>Test method: Runs Cucumber Scenarios<br>Parameters: "Check if User is able to click on Cuisines checkboxes and get Restaurants accordingly", "Optional[Swiggy Filters on HomePage Functionality]"</td>
<td></td>
<td>16</td>
<td>TestRunner.testRunnerClass@e7edb54</td></tr>
<tr>
<td title='TestRunner.testRunnerClass.runScenario()'><b>runScenario</b><br>Test class: TestRunner.testRunnerClass<br>Test method: Runs Cucumber Scenarios<br>Parameters: "Check if User is able to click on suggestions by Restaurant name", "Optional[Search functionality]"</td>
<td></td>
<td>14</td>
<td>TestRunner.testRunnerClass@e7edb54</td></tr>
<tr>
<td title='TestRunner.testRunnerClass.runScenario()'><b>runScenario</b><br>Test class: TestRunner.testRunnerClass<br>Test method: Runs Cucumber Scenarios<br>Parameters: "Check if User is able to get Restaurant offers", "Optional[Swiggy Offers functionality]"</td>
<td></td>
<td>10</td>
<td>TestRunner.testRunnerClass@e7edb54</td></tr>
<tr>
<td title='TestRunner.testRunnerClass.runScenario()'><b>runScenario</b><br>Test class: TestRunner.testRunnerClass<br>Test method: Runs Cucumber Scenarios<br>Parameters: "Check if the Delivery Location field is giving suggestions for valid city names", "Optional[Location Functionality]"</td>
<td></td>
<td>4</td>
<td>TestRunner.testRunnerClass@e7edb54</td></tr>
<tr>
<td title='TestRunner.testRunnerClass.runScenario()'><b>runScenario</b><br>Test class: TestRunner.testRunnerClass<br>Test method: Runs Cucumber Scenarios<br>Parameters: "Check if User is able to enter other location after clicking on Clear button", "Optional[Location Functionality]"</td>
<td></td>
<td>6</td>
<td>TestRunner.testRunnerClass@e7edb54</td></tr>
<tr>
<td title='TestRunner.testRunnerClass.runScenario()'><b>runScenario</b><br>Test class: TestRunner.testRunnerClass<br>Test method: Runs Cucumber Scenarios<br>Parameters: "Check if User is able to click on suggestions by Food Items", "Optional[Search functionality]"</td>
<td></td>
<td>10</td>
<td>TestRunner.testRunnerClass@e7edb54</td></tr>
<tr>
<td title='TestRunner.testRunnerClass.runScenario()'><b>runScenario</b><br>Test class: TestRunner.testRunnerClass<br>Test method: Runs Cucumber Scenarios<br>Parameters: "Check if clicking on Locate Me button fetch the current location.", "Optional[Location Functionality]"</td>
<td></td>
<td>9</td>
<td>TestRunner.testRunnerClass@e7edb54</td></tr>
<tr>
<td title='TestRunner.testRunnerClass.runScenario()'><b>runScenario</b><br>Test class: TestRunner.testRunnerClass<br>Test method: Runs Cucumber Scenarios<br>Parameters: "Check the behaviour of Cart button when no food item is added", "Optional[Add To Cart functionality]"</td>
<td></td>
<td>10</td>
<td>TestRunner.testRunnerClass@e7edb54</td></tr>
<tr>
<td title='TestRunner.testRunnerClass.runScenario()'><b>runScenario</b><br>Test class: TestRunner.testRunnerClass<br>Test method: Runs Cucumber Scenarios<br>Parameters: "Check if Restaurants and Dishes section are giving results", "Optional[Search functionality]"</td>
<td></td>
<td>18</td>
<td>TestRunner.testRunnerClass@e7edb54</td></tr>
<tr>
<td title='TestRunner.testRunnerClass.runScenario()'><b>runScenario</b><br>Test class: TestRunner.testRunnerClass<br>Test method: Runs Cucumber Scenarios<br>Parameters: "Check if User is able to get suggestions for Restaurant names in Search field", "Optional[Search functionality]"</td>
<td></td>
<td>12</td>
<td>TestRunner.testRunnerClass@e7edb54</td></tr>
<tr>
<td title='TestRunner.testRunnerClass.runScenario()'><b>runScenario</b><br>Test class: TestRunner.testRunnerClass<br>Test method: Runs Cucumber Scenarios<br>Parameters: "Check if User is able to clear applied filters", "Optional[Swiggy Filters on HomePage Functionality]"</td>
<td></td>
<td>21</td>
<td>TestRunner.testRunnerClass@e7edb54</td></tr>
</table><p>
</body>
</html>